09/Apr/2022 22:56:14  Build version: 2019.0 Release from 2018-09-20 (change 633648)

09/Apr/2022 22:56:14  Starting adaptive port meshing.
                      
                      ------------------------------------------------------------------------------
09/Apr/2022 22:56:14  Mode calculation for port 1:
                      
                      ------------------------------------------------------------------------------

                      ------------------------------------------------------------------------------

                      ------------------------------------------------------------------------------
09/Apr/2022 22:56:16  Using generalized port mode solver.
                      
                      ------------------------------------------------------------------------------
09/Apr/2022 22:56:16    ------------------------------- F-Calc 10.3 --------------------------------
                        Port   Mode   Type        Z-Wave        Z-Wave-Sigma  Z-Line        F-Cutoff
                        1      1      TE          505           1.07e-005     ---           6.853
                        1      2      TE          433           8.94e-006     ---           13.66
                        1      3      TE          305           9.39e-006     ---           16.39
                        1      4      TE          268           1.35e-005     ---           17.77
                        1      5      TM          529           7.06e-005     ---           17.77
                        ----------------------------------------------------------------------------
                      
09/Apr/2022 22:56:16  Pass 1 successfully completed. 
09/Apr/2022 22:56:17  Adaptive port meshing finished. 
                      
                      ------------------------------------------------------------------------------
09/Apr/2022 22:56:17  Creating parametric 1D results for Run ID 1
                      
                      ------------------------------------------------------------------------------
09/Apr/2022 22:57:35  Adaptation results were found. Adaptive port meshing skipped.
                      
                      ------------------------------------------------------------------------------
09/Apr/2022 22:57:35  The following farfield monitor(s) have been adjusted to model box [-41.233,
                      41.233, -20.233, 20.233, -16.0053, 80.7325].
                        farfield (f=10.3)
                      
                      ------------------------------------------------------------------------------
09/Apr/2022 22:57:36  
                      Solver started at: 10:57 PM Saturday, 09. April 2022 (中国标准时间)
                      
                        Module:  Time Domain: S-Parameter (Win 64)
                        Version: 2019.0 Release from 2018-09-20 (change 633648)
                      

                      ------------------------------------------------------------------------------

                      ------------------------------------------------------------------------------
09/Apr/2022 22:57:36  ======================================================================
                       Solver cycle: 1
                      ======================================================================
                      
                      Stimulation at port 1 (mode 1) 
                      
                      
                      
                      ------------------------------------------------------------------------------
09/Apr/2022 22:57:36  Units settings: 
                      
                        Dimensions: mm
                        Frequency:  GHz
                        Time:       ns
                      
                      ------------------------------------------------------------------------------
09/Apr/2022 22:57:58  Mesh statistics:
                      
                         Hexahedral mesh type: PBA [Version: default]
                      
                         Parallelization type: domain decomposition
                            Number of parallel working threads: 8
                            Number of calculation domains used: 16
                      
                         Used point accuracy enhancement value: 75.00%.
                         Used point accuracy enhancement value: 0.00%.
                         PBA fill limit: 85.56% (inverse)
09/Apr/2022 22:57:47     current system memory usage reached 55%
09/Apr/2022 22:57:38     current system memory usage reached 55%

09/Apr/2022 22:57:59  Using generalized port mode solver.
                      
                      ------------------------------------------------------------------------------
09/Apr/2022 22:57:59  Boundary conditions: 
                      
                        YZsymmetry: none
                        XZsymmetry: none
                        XYsymmetry: none
                      
                        Xmin: expanded open, 4 Layer, depth 5.32869 mm
                        Xmax: expanded open, 4 Layer, depth 5.32869 mm
                      
                        Ymin: expanded open, 4 Layer, depth 5.32869 mm
                        Ymax: expanded open, 4 Layer, depth 5.32869 mm
                      
                        Zmin: expanded open, 4 Layer, depth 5.82121 mm
                        Zmax: expanded open, 4 Layer, depth 5.32151 mm
                      
                        PML-Type: Convolution PML
                      
                      ------------------------------------------------------------------------------
09/Apr/2022 22:57:59  Frequency settings: 
                      
                        Fmin:         8.2
                        Fmax:         12.4
                        Nfsteps(lin): 1001
                      
                      ------------------------------------------------------------------------------
09/Apr/2022 22:57:59  Waveguide boundaries:
                      
09/Apr/2022 22:57:59  Port: 1
                      
09/Apr/2022 22:57:59    ------------------------------- F-Calc 10.3 --------------------------------
                        Port   Mode   Type        Z-Wave        Z-Wave-Sigma  Z-Line        F-Cutoff
                        1      1      TE          505           1.07e-005     ---           6.852
                        1      2      TE          433           8.94e-006     ---           13.66
                        1      3      TE          305           9.40e-006     ---           16.38
                        1      4      TE          268           1.34e-005     ---           17.76
                        1      5      TM          529           7.10e-005     ---           17.76
                        ----------------------------------------------------------------------------
                      
09/Apr/2022 22:58:00  Field update statistics:
                      
                        Number of components in total: 	5400554
                        Number of TST elements:		648
                      
                      Subcycling state:      Automatically deactivated
                      
                      ------------------------------------------------------------------------------
09/Apr/2022 22:58:55  
                      --------------------------------------------------------------------------------
09/Apr/2022 22:58:55  Steady state energy criterion met, solver finished successfully.
                      
                      ------------------------------------------------------------------------------
09/Apr/2022 22:58:55  Frequency domain results normalized to default signal.
                      
                      
                      ------------------------------------------------------------------------------
09/Apr/2022 22:58:55  
                        ----------------------------------------------------------------------------
                                            Peak memory used (kB)         Free physical memory (kB) 
                                                                          At begin     Minimum      
                        ----------------------------------------------------------------------------
                        CAD preparation     22060                         8069196      8069196      
                        Matrices calc.      829427                        7682617      7292968      
                        Solver run total    222344                        8096508      7296236      
                        ----------------------------------------------------------------------------
                      
                      --------------------------------------------------------------------------------
                      Solver Statistics:
                      
                        Hardware:
                           Computer name:                 	LAPTOP-NBK8184L 
                      
                           Number of CPU threads:               8
                           Hardware info:                  	Hardware Accelerator Device not activated
                      
                        Number of mesh cells:             	885625
                        Excitation duration:              	1.69264226e+000 ns 
                        Calculation time for excitation:  	32 	s
                        Number of calculated pulse widths:	1.71071 
                        Steady state accuracy limit:      	-30	dB 
                        Simulated number of time steps:   	7957 
                        Maximum number of time steps:     	93025 
                        Time step width:
                           without subcycles:             	3.63909238e-004 ns
                           used:                          	3.63909238e-004 ns
                      
                        CAD preparation time:             	0      	s
                        Matrix calculation time:          	23 	s
                        Solver setup time:                	1 	s
                        Solver loop time:                 	54 	s
                        Solver post processing time:      	0 	s
                                                          	------------
                        Total solver time:                	78 	s  ( = 0 h, 1 m, 18 s )
                      
                      ------------------------------------------------------------------------------
09/Apr/2022 22:58:55  
                        Adaptive port meshing time:          	0      	s
                        Total solver time (all cycles):      	78     	s  ( = 0 h, 1 m, 18 s )
                        solver initialization and clean-up:  	1      	s
                                                             	------------
                        Total simulation time:               	79     	s  ( = 0 h, 1 m, 19 s )
                      
                      ------------------------------------------------------------------------------
09/Apr/2022 22:58:55  Solver finished at: 10:58 PM Saturday, 09. April 2022
                      
                      
                      
                      ------------------------------------------------------------------------------
09/Apr/2022 22:58:56  Creating parametric 1D results for Run ID 1
                      
                      ------------------------------------------------------------------------------
