Port monitor named: Port1_e1.prt

nx        = 24
ny        = 16
nz        = 4

nu        = 22
nv        = 14
iu        = 2
iv        = 2

idir      = 2
dcut      = -1.455000e-002
icut      = 2
type      = 0
frequency = 1.030000e+010

fcutoff   = 6.852813e+009
alpha     = 0.000000e+000
beta      = 1.611131e+002
accuracy  = 3.949905e-010

type          = TE
wave imp.     = 5.047730e+002
wave imp.sig. = 1.069383e-005
line imp.     = 0.000000e+000

ref. port     = 0

-0.000000e+000  -0.000000e+000  -0.000000e+000  -0.000000e+000  -0.000000e+000  -0.000000e+000  -0.000000e+000  -0.000000e+000  -0.000000e+000  -0.000000e+000  -0.000000e+000  -0.000000e+000  -0.000000e+000  -0.000000e+000  -0.000000e+000  -0.000000e+000  -0.000000e+000  -0.000000e+000  -0.000000e+000  -0.000000e+000  -0.000000e+000  -0.000000e+000  
-0.000000e+000  -0.000000e+000  -0.000000e+000  -0.000000e+000  -0.000000e+000  -0.000000e+000  -0.000000e+000  -0.000000e+000  -0.000000e+000  -0.000000e+000  -0.000000e+000  -0.000000e+000  -0.000000e+000  -0.000000e+000  -0.000000e+000  -0.000000e+000  -0.000000e+000  -0.000000e+000  -0.000000e+000  -0.000000e+000  -0.000000e+000  -0.000000e+000  
-0.000000e+000  -0.000000e+000  -0.000000e+000  -0.000000e+000  -0.000000e+000  -0.000000e+000  -0.000000e+000  -0.000000e+000  -0.000000e+000  -0.000000e+000  -0.000000e+000  -0.000000e+000  -0.000000e+000  -0.000000e+000  -0.000000e+000  -0.000000e+000  -0.000000e+000  -0.000000e+000  -0.000000e+000  -0.000000e+000  -0.000000e+000  -0.000000e+000  
-0.000000e+000  -0.000000e+000  -6.286425e-006  -5.209262e-006  -2.994032e-006  1.515759e-006  -1.559631e-006  -8.376808e-007  -3.206160e-007  -1.291055e-007  -0.000000e+000  1.404002e-007  3.314716e-007  8.339158e-007  1.539349e-006  -1.540872e-006  2.995407e-006  5.177070e-006  6.266875e-006  -0.000000e+000  -0.000000e+000  -0.000000e+000  
-0.000000e+000  -0.000000e+000  -1.351982e-005  -1.159957e-005  -6.800286e-006  5.599589e-006  -4.096386e-006  -1.589901e-006  -6.355506e-007  -2.503886e-007  1.218803e-008  2.940260e-007  6.397975e-007  1.606564e-006  4.105275e-006  -5.613272e-006  6.853452e-006  1.146921e-005  1.343128e-005  -0.000000e+000  -0.000000e+000  -0.000000e+000  
-0.000000e+000  -0.000000e+000  -2.253868e-005  -2.042103e-005  -1.462900e-005  1.712405e-005  -9.730997e-006  -1.919951e-006  -8.086358e-007  -3.356634e-007  7.169328e-008  3.965674e-007  8.238713e-007  1.904930e-006  9.775584e-006  -1.706181e-005  1.450519e-005  2.036875e-005  2.239731e-005  -0.000000e+000  -0.000000e+000  -0.000000e+000  
-0.000000e+000  -0.000000e+000  -1.527528e-005  -1.770255e-005  -2.498380e-005  -2.800071e-005  1.024676e-005  -4.867568e-006  -5.407538e-006  -3.014927e-006  7.038890e-008  3.078235e-006  5.461582e-006  4.852115e-006  -1.020503e-005  2.806416e-005  2.499160e-005  1.762837e-005  1.523749e-005  -0.000000e+000  -0.000000e+000  -0.000000e+000  
-0.000000e+000  -0.000000e+000  1.557941e-005  1.789953e-005  2.525131e-005  2.810324e-005  -1.019633e-005  4.947042e-006  5.504552e-006  3.072258e-006  -0.000000e+000  -3.082612e-006  -5.396211e-006  -4.926142e-006  1.017737e-005  -2.813318e-005  -2.511530e-005  -1.772037e-005  -1.540683e-005  -0.000000e+000  -0.000000e+000  -0.000000e+000  
-0.000000e+000  -0.000000e+000  2.268319e-005  2.050189e-005  1.471270e-005  -1.702594e-005  9.766150e-006  1.991713e-006  8.845994e-007  3.977717e-007  -2.180848e-008  -4.886623e-007  -8.340266e-007  -1.980648e-006  -9.819095e-006  1.706508e-005  -1.458975e-005  -2.045875e-005  -2.240779e-005  -0.000000e+000  -0.000000e+000  -0.000000e+000  
-0.000000e+000  -0.000000e+000  1.358204e-005  1.156269e-005  6.978766e-006  -5.595427e-006  4.121035e-006  1.599455e-006  7.122321e-007  2.863898e-007  -1.883570e-008  -3.286880e-007  -6.861920e-007  -1.603301e-006  -4.132070e-006  5.624599e-006  -6.923148e-006  -1.140092e-005  -1.352351e-005  -0.000000e+000  -0.000000e+000  -0.000000e+000  
-0.000000e+000  -0.000000e+000  6.300925e-006  5.283234e-006  2.960435e-006  -1.466034e-006  1.575348e-006  8.461670e-007  3.927744e-007  1.654776e-007  -1.976370e-008  -1.626806e-007  -3.961746e-007  -8.647372e-007  -1.590398e-006  1.544402e-006  -2.983954e-006  -5.281415e-006  -6.143362e-006  -0.000000e+000  -0.000000e+000  -0.000000e+000  
-0.000000e+000  -0.000000e+000  -0.000000e+000  -0.000000e+000  -0.000000e+000  -0.000000e+000  -0.000000e+000  -0.000000e+000  -0.000000e+000  -0.000000e+000  -0.000000e+000  -0.000000e+000  -0.000000e+000  -0.000000e+000  -0.000000e+000  -0.000000e+000  -0.000000e+000  -0.000000e+000  -0.000000e+000  -0.000000e+000  -0.000000e+000  -0.000000e+000  
-0.000000e+000  -0.000000e+000  -0.000000e+000  -0.000000e+000  -0.000000e+000  -0.000000e+000  -0.000000e+000  -0.000000e+000  -0.000000e+000  -0.000000e+000  -0.000000e+000  -0.000000e+000  -0.000000e+000  -0.000000e+000  -0.000000e+000  -0.000000e+000  -0.000000e+000  -0.000000e+000  -0.000000e+000  -0.000000e+000  -0.000000e+000  -0.000000e+000  
-0.000000e+000  -0.000000e+000  -0.000000e+000  -0.000000e+000  -0.000000e+000  -0.000000e+000  -0.000000e+000  -0.000000e+000  -0.000000e+000  -0.000000e+000  -0.000000e+000  -0.000000e+000  -0.000000e+000  -0.000000e+000  -0.000000e+000  -0.000000e+000  -0.000000e+000  -0.000000e+000  -0.000000e+000  -0.000000e+000  -0.000000e+000  -0.000000e+000  

-0.000000e+000  -0.000000e+000  -0.000000e+000  -0.000000e+000  -0.000000e+000  -0.000000e+000  -0.000000e+000  -0.000000e+000  -0.000000e+000  -0.000000e+000  -0.000000e+000  -0.000000e+000  -0.000000e+000  -0.000000e+000  -0.000000e+000  -0.000000e+000  -0.000000e+000  -0.000000e+000  -0.000000e+000  -0.000000e+000  -0.000000e+000  -0.000000e+000  
-0.000000e+000  -0.000000e+000  -0.000000e+000  -0.000000e+000  -0.000000e+000  -0.000000e+000  -0.000000e+000  -0.000000e+000  -0.000000e+000  -0.000000e+000  -0.000000e+000  -0.000000e+000  -0.000000e+000  -0.000000e+000  -0.000000e+000  -0.000000e+000  -0.000000e+000  -0.000000e+000  -0.000000e+000  -0.000000e+000  -0.000000e+000  -0.000000e+000  
-0.000000e+000  -0.000000e+000  -0.000000e+000  2.558785e+002  5.084093e+002  7.542884e+002  1.180556e+003  1.580223e+003  1.899299e+003  2.121509e+003  2.235521e+003  2.235521e+003  2.121509e+003  1.899299e+003  1.580223e+003  1.180556e+003  7.542884e+002  5.084093e+002  2.558785e+002  -0.000000e+000  -0.000000e+000  -0.000000e+000  
-0.000000e+000  -0.000000e+000  -0.000000e+000  2.558785e+002  5.084093e+002  7.542884e+002  1.180556e+003  1.580223e+003  1.899299e+003  2.121509e+003  2.235521e+003  2.235521e+003  2.121509e+003  1.899299e+003  1.580223e+003  1.180556e+003  7.542884e+002  5.084093e+002  2.558785e+002  -0.000000e+000  -0.000000e+000  -0.000000e+000  
-0.000000e+000  -0.000000e+000  -0.000000e+000  2.558785e+002  5.084093e+002  7.542884e+002  1.180556e+003  1.580223e+003  1.899299e+003  2.121509e+003  2.235521e+003  2.235521e+003  2.121509e+003  1.899299e+003  1.580223e+003  1.180556e+003  7.542884e+002  5.084093e+002  2.558785e+002  -0.000000e+000  -0.000000e+000  -0.000000e+000  
-0.000000e+000  -0.000000e+000  -0.000000e+000  2.558785e+002  5.084093e+002  7.542883e+002  1.180556e+003  1.580223e+003  1.899298e+003  2.121509e+003  2.235521e+003  2.235521e+003  2.121509e+003  1.899298e+003  1.580223e+003  1.180556e+003  7.542883e+002  5.084093e+002  2.558785e+002  -0.000000e+000  -0.000000e+000  -0.000000e+000  
-0.000000e+000  -0.000000e+000  -0.000000e+000  2.558785e+002  5.084093e+002  7.542883e+002  1.180556e+003  1.580223e+003  1.899298e+003  2.121509e+003  2.235521e+003  2.235521e+003  2.121509e+003  1.899298e+003  1.580223e+003  1.180556e+003  7.542883e+002  5.084093e+002  2.558785e+002  -0.000000e+000  -0.000000e+000  -0.000000e+000  
-0.000000e+000  -0.000000e+000  -0.000000e+000  2.558785e+002  5.084093e+002  7.542883e+002  1.180556e+003  1.580223e+003  1.899298e+003  2.121509e+003  2.235521e+003  2.235521e+003  2.121509e+003  1.899298e+003  1.580223e+003  1.180556e+003  7.542883e+002  5.084093e+002  2.558785e+002  -0.000000e+000  -0.000000e+000  -0.000000e+000  
-0.000000e+000  -0.000000e+000  -0.000000e+000  2.558785e+002  5.084093e+002  7.542884e+002  1.180556e+003  1.580223e+003  1.899299e+003  2.121509e+003  2.235521e+003  2.235521e+003  2.121509e+003  1.899299e+003  1.580223e+003  1.180556e+003  7.542884e+002  5.084093e+002  2.558785e+002  -0.000000e+000  -0.000000e+000  -0.000000e+000  
-0.000000e+000  -0.000000e+000  -0.000000e+000  2.558785e+002  5.084093e+002  7.542884e+002  1.180556e+003  1.580223e+003  1.899299e+003  2.121509e+003  2.235521e+003  2.235521e+003  2.121509e+003  1.899299e+003  1.580223e+003  1.180556e+003  7.542884e+002  5.084093e+002  2.558785e+002  -0.000000e+000  -0.000000e+000  -0.000000e+000  
-0.000000e+000  -0.000000e+000  -0.000000e+000  2.558785e+002  5.084093e+002  7.542884e+002  1.180556e+003  1.580223e+003  1.899299e+003  2.121509e+003  2.235521e+003  2.235521e+003  2.121509e+003  1.899299e+003  1.580223e+003  1.180556e+003  7.542884e+002  5.084093e+002  2.558785e+002  -0.000000e+000  -0.000000e+000  -0.000000e+000  
-0.000000e+000  -0.000000e+000  -0.000000e+000  -0.000000e+000  -0.000000e+000  -0.000000e+000  -0.000000e+000  -0.000000e+000  -0.000000e+000  -0.000000e+000  -0.000000e+000  -0.000000e+000  -0.000000e+000  -0.000000e+000  -0.000000e+000  -0.000000e+000  -0.000000e+000  -0.000000e+000  -0.000000e+000  -0.000000e+000  -0.000000e+000  -0.000000e+000  
-0.000000e+000  -0.000000e+000  -0.000000e+000  -0.000000e+000  -0.000000e+000  -0.000000e+000  -0.000000e+000  -0.000000e+000  -0.000000e+000  -0.000000e+000  -0.000000e+000  -0.000000e+000  -0.000000e+000  -0.000000e+000  -0.000000e+000  -0.000000e+000  -0.000000e+000  -0.000000e+000  -0.000000e+000  -0.000000e+000  -0.000000e+000  -0.000000e+000  
-0.000000e+000  -0.000000e+000  -0.000000e+000  -0.000000e+000  -0.000000e+000  -0.000000e+000  -0.000000e+000  -0.000000e+000  -0.000000e+000  -0.000000e+000  -0.000000e+000  -0.000000e+000  -0.000000e+000  -0.000000e+000  -0.000000e+000  -0.000000e+000  -0.000000e+000  -0.000000e+000  -0.000000e+000  -0.000000e+000  -0.000000e+000  -0.000000e+000  

0.000000e+000  0.000000e+000  0.000000e+000  0.000000e+000  0.000000e+000  0.000000e+000  0.000000e+000  0.000000e+000  0.000000e+000  0.000000e+000  0.000000e+000  0.000000e+000  0.000000e+000  0.000000e+000  0.000000e+000  0.000000e+000  0.000000e+000  0.000000e+000  0.000000e+000  0.000000e+000  0.000000e+000  0.000000e+000  
0.000000e+000  0.000000e+000  0.000000e+000  0.000000e+000  0.000000e+000  0.000000e+000  0.000000e+000  0.000000e+000  0.000000e+000  0.000000e+000  0.000000e+000  0.000000e+000  0.000000e+000  0.000000e+000  0.000000e+000  0.000000e+000  0.000000e+000  0.000000e+000  0.000000e+000  0.000000e+000  0.000000e+000  0.000000e+000  
0.000000e+000  0.000000e+000  0.000000e+000  0.000000e+000  0.000000e+000  0.000000e+000  0.000000e+000  0.000000e+000  0.000000e+000  0.000000e+000  0.000000e+000  0.000000e+000  0.000000e+000  0.000000e+000  0.000000e+000  0.000000e+000  0.000000e+000  0.000000e+000  0.000000e+000  0.000000e+000  0.000000e+000  0.000000e+000  
0.000000e+000  0.000000e+000  0.000000e+000  0.000000e+000  0.000000e+000  0.000000e+000  0.000000e+000  0.000000e+000  0.000000e+000  0.000000e+000  0.000000e+000  0.000000e+000  0.000000e+000  0.000000e+000  0.000000e+000  0.000000e+000  0.000000e+000  0.000000e+000  0.000000e+000  0.000000e+000  0.000000e+000  0.000000e+000  
0.000000e+000  0.000000e+000  0.000000e+000  0.000000e+000  0.000000e+000  0.000000e+000  0.000000e+000  0.000000e+000  0.000000e+000  0.000000e+000  0.000000e+000  0.000000e+000  0.000000e+000  0.000000e+000  0.000000e+000  0.000000e+000  0.000000e+000  0.000000e+000  0.000000e+000  0.000000e+000  0.000000e+000  0.000000e+000  
0.000000e+000  0.000000e+000  0.000000e+000  0.000000e+000  0.000000e+000  0.000000e+000  0.000000e+000  0.000000e+000  0.000000e+000  0.000000e+000  0.000000e+000  0.000000e+000  0.000000e+000  0.000000e+000  0.000000e+000  0.000000e+000  0.000000e+000  0.000000e+000  0.000000e+000  0.000000e+000  0.000000e+000  0.000000e+000  
0.000000e+000  0.000000e+000  0.000000e+000  0.000000e+000  0.000000e+000  0.000000e+000  0.000000e+000  0.000000e+000  0.000000e+000  0.000000e+000  0.000000e+000  0.000000e+000  0.000000e+000  0.000000e+000  0.000000e+000  0.000000e+000  0.000000e+000  0.000000e+000  0.000000e+000  0.000000e+000  0.000000e+000  0.000000e+000  
0.000000e+000  0.000000e+000  0.000000e+000  0.000000e+000  0.000000e+000  0.000000e+000  0.000000e+000  0.000000e+000  0.000000e+000  0.000000e+000  0.000000e+000  0.000000e+000  0.000000e+000  0.000000e+000  0.000000e+000  0.000000e+000  0.000000e+000  0.000000e+000  0.000000e+000  0.000000e+000  0.000000e+000  0.000000e+000  
0.000000e+000  0.000000e+000  0.000000e+000  0.000000e+000  0.000000e+000  0.000000e+000  0.000000e+000  0.000000e+000  0.000000e+000  0.000000e+000  0.000000e+000  0.000000e+000  0.000000e+000  0.000000e+000  0.000000e+000  0.000000e+000  0.000000e+000  0.000000e+000  0.000000e+000  0.000000e+000  0.000000e+000  0.000000e+000  
0.000000e+000  0.000000e+000  0.000000e+000  0.000000e+000  0.000000e+000  0.000000e+000  0.000000e+000  0.000000e+000  0.000000e+000  0.000000e+000  0.000000e+000  0.000000e+000  0.000000e+000  0.000000e+000  0.000000e+000  0.000000e+000  0.000000e+000  0.000000e+000  0.000000e+000  0.000000e+000  0.000000e+000  0.000000e+000  
0.000000e+000  0.000000e+000  0.000000e+000  0.000000e+000  0.000000e+000  0.000000e+000  0.000000e+000  0.000000e+000  0.000000e+000  0.000000e+000  0.000000e+000  0.000000e+000  0.000000e+000  0.000000e+000  0.000000e+000  0.000000e+000  0.000000e+000  0.000000e+000  0.000000e+000  0.000000e+000  0.000000e+000  0.000000e+000  
0.000000e+000  0.000000e+000  0.000000e+000  0.000000e+000  0.000000e+000  0.000000e+000  0.000000e+000  0.000000e+000  0.000000e+000  0.000000e+000  0.000000e+000  0.000000e+000  0.000000e+000  0.000000e+000  0.000000e+000  0.000000e+000  0.000000e+000  0.000000e+000  0.000000e+000  0.000000e+000  0.000000e+000  0.000000e+000  
0.000000e+000  0.000000e+000  0.000000e+000  0.000000e+000  0.000000e+000  0.000000e+000  0.000000e+000  0.000000e+000  0.000000e+000  0.000000e+000  0.000000e+000  0.000000e+000  0.000000e+000  0.000000e+000  0.000000e+000  0.000000e+000  0.000000e+000  0.000000e+000  0.000000e+000  0.000000e+000  0.000000e+000  0.000000e+000  
0.000000e+000  0.000000e+000  0.000000e+000  0.000000e+000  0.000000e+000  0.000000e+000  0.000000e+000  0.000000e+000  0.000000e+000  0.000000e+000  0.000000e+000  0.000000e+000  0.000000e+000  0.000000e+000  0.000000e+000  0.000000e+000  0.000000e+000  0.000000e+000  0.000000e+000  0.000000e+000  0.000000e+000  0.000000e+000  

0.000000e+000  0.000000e+000  0.000000e+000  0.000000e+000  0.000000e+000  0.000000e+000  0.000000e+000  0.000000e+000  0.000000e+000  0.000000e+000  0.000000e+000  0.000000e+000  0.000000e+000  0.000000e+000  0.000000e+000  0.000000e+000  0.000000e+000  0.000000e+000  0.000000e+000  0.000000e+000  0.000000e+000  0.000000e+000  
0.000000e+000  0.000000e+000  0.000000e+000  0.000000e+000  0.000000e+000  0.000000e+000  0.000000e+000  0.000000e+000  0.000000e+000  0.000000e+000  0.000000e+000  0.000000e+000  0.000000e+000  0.000000e+000  0.000000e+000  0.000000e+000  0.000000e+000  0.000000e+000  0.000000e+000  0.000000e+000  0.000000e+000  0.000000e+000  
0.000000e+000  0.000000e+000  0.000000e+000  0.000000e+000  0.000000e+000  0.000000e+000  0.000000e+000  0.000000e+000  0.000000e+000  0.000000e+000  0.000000e+000  0.000000e+000  0.000000e+000  0.000000e+000  0.000000e+000  0.000000e+000  0.000000e+000  0.000000e+000  0.000000e+000  0.000000e+000  0.000000e+000  0.000000e+000  
0.000000e+000  0.000000e+000  0.000000e+000  0.000000e+000  0.000000e+000  0.000000e+000  0.000000e+000  0.000000e+000  0.000000e+000  0.000000e+000  0.000000e+000  0.000000e+000  0.000000e+000  0.000000e+000  0.000000e+000  0.000000e+000  0.000000e+000  0.000000e+000  0.000000e+000  0.000000e+000  0.000000e+000  0.000000e+000  
0.000000e+000  0.000000e+000  0.000000e+000  0.000000e+000  0.000000e+000  0.000000e+000  0.000000e+000  0.000000e+000  0.000000e+000  0.000000e+000  0.000000e+000  0.000000e+000  0.000000e+000  0.000000e+000  0.000000e+000  0.000000e+000  0.000000e+000  0.000000e+000  0.000000e+000  0.000000e+000  0.000000e+000  0.000000e+000  
0.000000e+000  0.000000e+000  0.000000e+000  0.000000e+000  0.000000e+000  0.000000e+000  0.000000e+000  0.000000e+000  0.000000e+000  0.000000e+000  0.000000e+000  0.000000e+000  0.000000e+000  0.000000e+000  0.000000e+000  0.000000e+000  0.000000e+000  0.000000e+000  0.000000e+000  0.000000e+000  0.000000e+000  0.000000e+000  
0.000000e+000  0.000000e+000  0.000000e+000  0.000000e+000  0.000000e+000  0.000000e+000  0.000000e+000  0.000000e+000  0.000000e+000  0.000000e+000  0.000000e+000  0.000000e+000  0.000000e+000  0.000000e+000  0.000000e+000  0.000000e+000  0.000000e+000  0.000000e+000  0.000000e+000  0.000000e+000  0.000000e+000  0.000000e+000  
0.000000e+000  0.000000e+000  0.000000e+000  0.000000e+000  0.000000e+000  0.000000e+000  0.000000e+000  0.000000e+000  0.000000e+000  0.000000e+000  0.000000e+000  0.000000e+000  0.000000e+000  0.000000e+000  0.000000e+000  0.000000e+000  0.000000e+000  0.000000e+000  0.000000e+000  0.000000e+000  0.000000e+000  0.000000e+000  
0.000000e+000  0.000000e+000  0.000000e+000  0.000000e+000  0.000000e+000  0.000000e+000  0.000000e+000  0.000000e+000  0.000000e+000  0.000000e+000  0.000000e+000  0.000000e+000  0.000000e+000  0.000000e+000  0.000000e+000  0.000000e+000  0.000000e+000  0.000000e+000  0.000000e+000  0.000000e+000  0.000000e+000  0.000000e+000  
0.000000e+000  0.000000e+000  0.000000e+000  0.000000e+000  0.000000e+000  0.000000e+000  0.000000e+000  0.000000e+000  0.000000e+000  0.000000e+000  0.000000e+000  0.000000e+000  0.000000e+000  0.000000e+000  0.000000e+000  0.000000e+000  0.000000e+000  0.000000e+000  0.000000e+000  0.000000e+000  0.000000e+000  0.000000e+000  
0.000000e+000  0.000000e+000  0.000000e+000  0.000000e+000  0.000000e+000  0.000000e+000  0.000000e+000  0.000000e+000  0.000000e+000  0.000000e+000  0.000000e+000  0.000000e+000  0.000000e+000  0.000000e+000  0.000000e+000  0.000000e+000  0.000000e+000  0.000000e+000  0.000000e+000  0.000000e+000  0.000000e+000  0.000000e+000  
0.000000e+000  0.000000e+000  0.000000e+000  0.000000e+000  0.000000e+000  0.000000e+000  0.000000e+000  0.000000e+000  0.000000e+000  0.000000e+000  0.000000e+000  0.000000e+000  0.000000e+000  0.000000e+000  0.000000e+000  0.000000e+000  0.000000e+000  0.000000e+000  0.000000e+000  0.000000e+000  0.000000e+000  0.000000e+000  
0.000000e+000  0.000000e+000  0.000000e+000  0.000000e+000  0.000000e+000  0.000000e+000  0.000000e+000  0.000000e+000  0.000000e+000  0.000000e+000  0.000000e+000  0.000000e+000  0.000000e+000  0.000000e+000  0.000000e+000  0.000000e+000  0.000000e+000  0.000000e+000  0.000000e+000  0.000000e+000  0.000000e+000  0.000000e+000  
0.000000e+000  0.000000e+000  0.000000e+000  0.000000e+000  0.000000e+000  0.000000e+000  0.000000e+000  0.000000e+000  0.000000e+000  0.000000e+000  0.000000e+000  0.000000e+000  0.000000e+000  0.000000e+000  0.000000e+000  0.000000e+000  0.000000e+000  0.000000e+000  0.000000e+000  0.000000e+000  0.000000e+000  0.000000e+000  

0.000000e+000  0.000000e+000  0.000000e+000  0.000000e+000  0.000000e+000  0.000000e+000  0.000000e+000  0.000000e+000  0.000000e+000  0.000000e+000  0.000000e+000  0.000000e+000  0.000000e+000  0.000000e+000  0.000000e+000  0.000000e+000  0.000000e+000  0.000000e+000  0.000000e+000  0.000000e+000  0.000000e+000  0.000000e+000  
0.000000e+000  0.000000e+000  0.000000e+000  0.000000e+000  0.000000e+000  0.000000e+000  0.000000e+000  0.000000e+000  0.000000e+000  0.000000e+000  0.000000e+000  0.000000e+000  0.000000e+000  0.000000e+000  0.000000e+000  0.000000e+000  0.000000e+000  0.000000e+000  0.000000e+000  0.000000e+000  0.000000e+000  0.000000e+000  
0.000000e+000  0.000000e+000  0.000000e+000  0.000000e+000  0.000000e+000  0.000000e+000  0.000000e+000  0.000000e+000  0.000000e+000  0.000000e+000  0.000000e+000  0.000000e+000  0.000000e+000  0.000000e+000  0.000000e+000  0.000000e+000  0.000000e+000  0.000000e+000  0.000000e+000  0.000000e+000  0.000000e+000  0.000000e+000  
0.000000e+000  0.000000e+000  0.000000e+000  0.000000e+000  0.000000e+000  0.000000e+000  0.000000e+000  0.000000e+000  0.000000e+000  0.000000e+000  0.000000e+000  0.000000e+000  0.000000e+000  0.000000e+000  0.000000e+000  0.000000e+000  0.000000e+000  0.000000e+000  0.000000e+000  0.000000e+000  0.000000e+000  0.000000e+000  
0.000000e+000  0.000000e+000  0.000000e+000  0.000000e+000  0.000000e+000  0.000000e+000  0.000000e+000  0.000000e+000  0.000000e+000  0.000000e+000  0.000000e+000  0.000000e+000  0.000000e+000  0.000000e+000  0.000000e+000  0.000000e+000  0.000000e+000  0.000000e+000  0.000000e+000  0.000000e+000  0.000000e+000  0.000000e+000  
0.000000e+000  0.000000e+000  0.000000e+000  0.000000e+000  0.000000e+000  0.000000e+000  0.000000e+000  0.000000e+000  0.000000e+000  0.000000e+000  0.000000e+000  0.000000e+000  0.000000e+000  0.000000e+000  0.000000e+000  0.000000e+000  0.000000e+000  0.000000e+000  0.000000e+000  0.000000e+000  0.000000e+000  0.000000e+000  
0.000000e+000  0.000000e+000  0.000000e+000  0.000000e+000  0.000000e+000  0.000000e+000  0.000000e+000  0.000000e+000  0.000000e+000  0.000000e+000  0.000000e+000  0.000000e+000  0.000000e+000  0.000000e+000  0.000000e+000  0.000000e+000  0.000000e+000  0.000000e+000  0.000000e+000  0.000000e+000  0.000000e+000  0.000000e+000  
0.000000e+000  0.000000e+000  0.000000e+000  0.000000e+000  0.000000e+000  0.000000e+000  0.000000e+000  0.000000e+000  0.000000e+000  0.000000e+000  0.000000e+000  0.000000e+000  0.000000e+000  0.000000e+000  0.000000e+000  0.000000e+000  0.000000e+000  0.000000e+000  0.000000e+000  0.000000e+000  0.000000e+000  0.000000e+000  
0.000000e+000  0.000000e+000  0.000000e+000  0.000000e+000  0.000000e+000  0.000000e+000  0.000000e+000  0.000000e+000  0.000000e+000  0.000000e+000  0.000000e+000  0.000000e+000  0.000000e+000  0.000000e+000  0.000000e+000  0.000000e+000  0.000000e+000  0.000000e+000  0.000000e+000  0.000000e+000  0.000000e+000  0.000000e+000  
0.000000e+000  0.000000e+000  0.000000e+000  0.000000e+000  0.000000e+000  0.000000e+000  0.000000e+000  0.000000e+000  0.000000e+000  0.000000e+000  0.000000e+000  0.000000e+000  0.000000e+000  0.000000e+000  0.000000e+000  0.000000e+000  0.000000e+000  0.000000e+000  0.000000e+000  0.000000e+000  0.000000e+000  0.000000e+000  
0.000000e+000  0.000000e+000  0.000000e+000  0.000000e+000  0.000000e+000  0.000000e+000  0.000000e+000  0.000000e+000  0.000000e+000  0.000000e+000  0.000000e+000  0.000000e+000  0.000000e+000  0.000000e+000  0.000000e+000  0.000000e+000  0.000000e+000  0.000000e+000  0.000000e+000  0.000000e+000  0.000000e+000  0.000000e+000  
0.000000e+000  0.000000e+000  0.000000e+000  0.000000e+000  0.000000e+000  0.000000e+000  0.000000e+000  0.000000e+000  0.000000e+000  0.000000e+000  0.000000e+000  0.000000e+000  0.000000e+000  0.000000e+000  0.000000e+000  0.000000e+000  0.000000e+000  0.000000e+000  0.000000e+000  0.000000e+000  0.000000e+000  0.000000e+000  
0.000000e+000  0.000000e+000  0.000000e+000  0.000000e+000  0.000000e+000  0.000000e+000  0.000000e+000  0.000000e+000  0.000000e+000  0.000000e+000  0.000000e+000  0.000000e+000  0.000000e+000  0.000000e+000  0.000000e+000  0.000000e+000  0.000000e+000  0.000000e+000  0.000000e+000  0.000000e+000  0.000000e+000  0.000000e+000  
0.000000e+000  0.000000e+000  0.000000e+000  0.000000e+000  0.000000e+000  0.000000e+000  0.000000e+000  0.000000e+000  0.000000e+000  0.000000e+000  0.000000e+000  0.000000e+000  0.000000e+000  0.000000e+000  0.000000e+000  0.000000e+000  0.000000e+000  0.000000e+000  0.000000e+000  0.000000e+000  0.000000e+000  0.000000e+000  

-0.000000e+000  -0.000000e+000  -0.000000e+000  -0.000000e+000  -0.000000e+000  -0.000000e+000  -0.000000e+000  -0.000000e+000  -0.000000e+000  -0.000000e+000  -0.000000e+000  -0.000000e+000  -0.000000e+000  -0.000000e+000  -0.000000e+000  -0.000000e+000  -0.000000e+000  -0.000000e+000  -0.000000e+000  -0.000000e+000  -0.000000e+000  -0.000000e+000  
-0.000000e+000  -0.000000e+000  -0.000000e+000  -0.000000e+000  -0.000000e+000  -0.000000e+000  -0.000000e+000  -0.000000e+000  -0.000000e+000  -0.000000e+000  -0.000000e+000  -0.000000e+000  -0.000000e+000  -0.000000e+000  -0.000000e+000  -0.000000e+000  -0.000000e+000  -0.000000e+000  -0.000000e+000  -0.000000e+000  -0.000000e+000  -0.000000e+000  
-0.000000e+000  -0.000000e+000  -0.000000e+000  -0.000000e+000  -0.000000e+000  -0.000000e+000  -0.000000e+000  -0.000000e+000  -0.000000e+000  -0.000000e+000  -0.000000e+000  -0.000000e+000  -0.000000e+000  -0.000000e+000  -0.000000e+000  -0.000000e+000  -0.000000e+000  -0.000000e+000  -0.000000e+000  -0.000000e+000  -0.000000e+000  -0.000000e+000  
-0.000000e+000  -0.000000e+000  -0.000000e+000  1.616436e-006  1.693325e-006  2.224571e-006  3.066246e-006  7.148339e-006  9.034067e-006  1.135167e-005  1.182337e-005  1.193827e-005  1.172074e-005  9.467170e-006  7.800075e-006  2.990915e-006  2.822852e-006  1.294198e-006  7.570098e-008  -0.000000e+000  -0.000000e+000  -0.000000e+000  
-0.000000e+000  -0.000000e+000  -0.000000e+000  1.502921e-006  2.095423e-006  4.313501e-006  4.592640e-006  1.421500e-005  1.980623e-005  2.305727e-005  2.472935e-005  2.460292e-005  2.292925e-005  1.940212e-005  1.387061e-005  5.574329e-006  3.499606e-006  4.400279e-006  2.367135e-006  -0.000000e+000  -0.000000e+000  -0.000000e+000  
-0.000000e+000  -0.000000e+000  -0.000000e+000  1.776562e-006  5.006475e-006  6.209918e-006  5.980267e-006  2.270021e-005  2.988711e-005  3.412516e-005  3.641725e-005  3.664455e-005  3.414261e-005  3.056325e-005  2.209172e-005  6.094750e-006  7.458514e-006  4.273041e-006  2.465531e-006  -0.000000e+000  -0.000000e+000  -0.000000e+000  
-0.000000e+000  -0.000000e+000  -0.000000e+000  1.757708e-006  1.803793e-006  3.784166e-006  7.848798e-006  -2.941805e-007  -1.341951e-006  -1.318186e-006  -1.830761e-006  -1.776912e-006  -1.821341e-006  -1.428993e-006  -3.082570e-007  7.609588e-006  3.496797e-006  1.804152e-006  9.995838e-007  -0.000000e+000  -0.000000e+000  -0.000000e+000  
-0.000000e+000  -0.000000e+000  -0.000000e+000  -7.043204e-007  -2.394697e-006  -2.998875e-006  -7.766659e-006  4.285286e-007  1.669167e-006  1.723834e-006  1.600683e-006  2.105658e-006  1.714255e-006  1.957848e-006  2.321547e-007  -7.465240e-006  -3.851108e-006  -2.685255e-006  -6.948866e-007  -0.000000e+000  -0.000000e+000  -0.000000e+000  
-0.000000e+000  -0.000000e+000  -0.000000e+000  -2.073061e-006  -4.371086e-006  -6.324782e-006  -5.256114e-006  -2.270785e-005  -3.002430e-005  -3.488624e-005  -3.684528e-005  -3.671016e-005  -3.464405e-005  -2.956644e-005  -2.198208e-005  -6.324029e-006  -6.656341e-006  -3.408028e-006  -3.595233e-006  -0.000000e+000  -0.000000e+000  -0.000000e+000  
-0.000000e+000  -0.000000e+000  -0.000000e+000  -1.112450e-006  -5.314782e-006  -3.452328e-006  -6.281470e-006  -1.455216e-005  -1.990570e-005  -2.228685e-005  -2.440804e-005  -2.407657e-005  -2.314883e-005  -1.968329e-005  -1.418679e-005  -5.673951e-006  -3.239274e-006  -6.032308e-006  4.070906e-007  -0.000000e+000  -0.000000e+000  -0.000000e+000  
-0.000000e+000  -0.000000e+000  -0.000000e+000  -7.602338e-007  -2.141066e-007  -3.001064e-006  -2.396633e-006  -6.649810e-006  -1.061004e-005  -1.175393e-005  -1.268494e-005  -1.243637e-005  -1.135680e-005  -9.400104e-006  -6.592429e-006  -2.465787e-006  -2.700053e-006  -9.568904e-008  -3.247405e-006  -0.000000e+000  -0.000000e+000  -0.000000e+000  
-0.000000e+000  -0.000000e+000  -0.000000e+000  -0.000000e+000  -0.000000e+000  -0.000000e+000  -0.000000e+000  -0.000000e+000  -0.000000e+000  -0.000000e+000  -0.000000e+000  -0.000000e+000  -0.000000e+000  -0.000000e+000  -0.000000e+000  -0.000000e+000  -0.000000e+000  -0.000000e+000  -0.000000e+000  -0.000000e+000  -0.000000e+000  -0.000000e+000  
-0.000000e+000  -0.000000e+000  -0.000000e+000  -0.000000e+000  -0.000000e+000  -0.000000e+000  -0.000000e+000  -0.000000e+000  -0.000000e+000  -0.000000e+000  -0.000000e+000  -0.000000e+000  -0.000000e+000  -0.000000e+000  -0.000000e+000  -0.000000e+000  -0.000000e+000  -0.000000e+000  -0.000000e+000  -0.000000e+000  -0.000000e+000  -0.000000e+000  
-0.000000e+000  -0.000000e+000  -0.000000e+000  -0.000000e+000  -0.000000e+000  -0.000000e+000  -0.000000e+000  -0.000000e+000  -0.000000e+000  -0.000000e+000  -0.000000e+000  -0.000000e+000  -0.000000e+000  -0.000000e+000  -0.000000e+000  -0.000000e+000  -0.000000e+000  -0.000000e+000  -0.000000e+000  -0.000000e+000  -0.000000e+000  -0.000000e+000  

