Build target 'Target 1'
compiling SRTT_II main.c...
SRTT_II main.c(509): warning C280: 'limit': unreferenced local variable
linking...
*** WARNING L16: UNCALLED SEGMENT, IGNORED FOR OVERLAY PROCESS
    SEGMENT: ?PR?ADC6?SRTT_II_MAIN

*** WARNING L16: UNCALLED SEGMENT, IGNORED FOR OVERLAY PROCESS
    SEGMENT: ?PR?_SEND?SRTT_II_MAIN

*** WARNING L16: UNCALLED SEGMENT, IGNORED FOR OVERLAY PROCESS
    SEGMENT: ?PR?_DISPINT?SRTT_II_MAIN

*** WARNING L16: UNCALLED SEGMENT, IGNORED FOR OVERLAY PROCESS
    SEGMENT: ?PR?_BYTE_READ?SRTT_II_MAIN

*** WARNING L16: UNCALLED SEGMENT, IGNORED FOR OVERLAY PROCESS
    SEGMENT: ?PR?_SECTOR_ERASE?SRTT_II_MAIN

*** WARNING L16: UNCALLED SEGMENT, IGNORED FOR OVERLAY PROCESS
    SEGMENT: ?PR?_BYTE_PROGRAM?SRTT_II_MAIN

Program Size: data=87.2 xdata=0 code=2259
creating hex file from ".\output\ADandDisplay"...
".\output\ADandDisplay" - 0 Error(s), 7 Warning(s).
Build Time Elapsed:  00:00:01
